<?xml version="1.0" encoding="UTF-8"?>
<coverage generated="1654779245054" clover="3.2.0">
  <project timestamp="1654779245054" name="All files">
    <metrics statements="137" coveredstatements="137" conditionals="92" coveredconditionals="92" methods="26" coveredmethods="26" elements="255" coveredelements="255" complexity="0" loc="137" ncloc="137" packages="1" files="2" classes="2"/>
    <file name="Robots.js" path="C:\Users\BALASUBRAMANI\Downloads\github-action-demo-2\Robots.js">
      <metrics statements="134" coveredstatements="134" conditionals="92" coveredconditionals="92" methods="25" coveredmethods="25"/>
      <line num="12" count="582" type="cond" truecount="2" falsecount="0"/>
      <line num="13" count="24" type="stmt"/>
      <line num="16" count="558" type="cond" truecount="2" falsecount="0"/>
      <line num="17" count="189" type="stmt"/>
      <line num="20" count="369" type="stmt"/>
      <line num="31" count="204" type="stmt"/>
      <line num="32" count="204" type="cond" truecount="2" falsecount="0"/>
      <line num="33" count="6" type="stmt"/>
      <line num="36" count="198" type="stmt"/>
      <line num="47" count="204" type="stmt"/>
      <line num="49" count="204" type="cond" truecount="4" falsecount="0"/>
      <line num="50" count="15" type="stmt"/>
      <line num="53" count="189" type="stmt"/>
      <line num="65" count="236" type="stmt"/>
      <line num="68" count="236" type="stmt"/>
      <line num="69" count="236" type="cond" truecount="2" falsecount="0"/>
      <line num="70" count="4" type="stmt"/>
      <line num="73" count="236" type="stmt"/>
      <line num="85" count="81" type="stmt"/>
      <line num="86" count="81" type="stmt"/>
      <line num="88" count="2" type="stmt"/>
      <line num="102" count="222" type="stmt"/>
      <line num="103" count="100" type="stmt"/>
      <line num="125" count="504" type="stmt"/>
      <line num="126" count="504" type="stmt"/>
      <line num="129" count="504" type="stmt"/>
      <line num="131" count="504" type="stmt"/>
      <line num="134" count="6263" type="cond" truecount="4" falsecount="0"/>
      <line num="135" count="11" type="stmt"/>
      <line num="139" count="6252" type="cond" truecount="2" falsecount="0"/>
      <line num="142" count="4129" type="stmt"/>
      <line num="148" count="4129" type="stmt"/>
      <line num="149" count="12638543" type="stmt"/>
      <line num="154" count="2123" type="stmt"/>
      <line num="155" count="2123" type="stmt"/>
      <line num="156" count="8612" type="cond" truecount="2" falsecount="0"/>
      <line num="160" count="1736" type="stmt"/>
      <line num="165" count="2123" type="cond" truecount="2" falsecount="0"/>
      <line num="166" count="401" type="stmt"/>
      <line num="169" count="1722" type="stmt"/>
      <line num="173" count="92" type="stmt"/>
      <line num="177" count="43" type="stmt"/>
      <line num="178" count="43" type="stmt"/>
      <line num="184" count="43" type="stmt"/>
      <line num="185" count="43" type="stmt"/>
      <line num="186" count="43" type="stmt"/>
      <line num="187" count="204" type="stmt"/>
      <line num="189" count="204" type="cond" truecount="4" falsecount="0"/>
      <line num="190" count="16" type="stmt"/>
      <line num="193" count="188" type="cond" truecount="6" falsecount="0"/>
      <line num="195" count="62" type="cond" truecount="2" falsecount="0"/>
      <line num="196" count="56" type="stmt"/>
      <line num="199" count="62" type="cond" truecount="2" falsecount="0"/>
      <line num="200" count="60" type="stmt"/>
      <line num="202" count="62" type="stmt"/>
      <line num="204" count="70" type="stmt"/>
      <line num="205" count="70" type="stmt"/>
      <line num="207" count="17" type="stmt"/>
      <line num="208" count="17" type="stmt"/>
      <line num="210" count="18" type="stmt"/>
      <line num="211" count="18" type="stmt"/>
      <line num="213" count="9" type="cond" truecount="2" falsecount="0"/>
      <line num="214" count="8" type="stmt"/>
      <line num="216" count="9" type="stmt"/>
      <line num="218" count="11" type="cond" truecount="2" falsecount="0"/>
      <line num="219" count="10" type="stmt"/>
      <line num="221" count="11" type="stmt"/>
      <line num="224" count="188" type="stmt"/>
      <line num="237" count="143" type="stmt"/>
      <line num="239" count="143" type="stmt"/>
      <line num="240" count="504" type="stmt"/>
      <line num="242" count="504" type="cond" truecount="2" falsecount="0"/>
      <line num="243" count="406" type="stmt"/>
      <line num="248" count="98" type="cond" truecount="4" falsecount="0"/>
      <line num="249" count="93" type="stmt"/>
      <line num="250" count="5" type="cond" truecount="2" falsecount="0"/>
      <line num="255" count="4" type="stmt"/>
      <line num="259" count="143" type="stmt"/>
      <line num="272" count="202" type="stmt"/>
      <line num="277" count="202" type="stmt"/>
      <line num="279" count="2" type="stmt"/>
      <line num="284" count="43" type="cond" truecount="2" falsecount="0"/>
      <line num="285" count="43" type="cond" truecount="2" falsecount="0"/>
      <line num="287" count="43" type="stmt"/>
      <line num="288" count="43" type="stmt"/>
      <line num="289" count="43" type="stmt"/>
      <line num="291" count="43" type="cond" truecount="2" falsecount="0"/>
      <line num="303" count="1" type="stmt"/>
      <line num="304" count="87" type="stmt"/>
      <line num="306" count="87" type="stmt"/>
      <line num="307" count="84" type="cond" truecount="2" falsecount="0"/>
      <line num="309" count="84" type="cond" truecount="2" falsecount="0"/>
      <line num="310" count="3" type="stmt"/>
      <line num="313" count="81" type="stmt"/>
      <line num="327" count="1" type="stmt"/>
      <line num="328" count="18" type="stmt"/>
      <line num="329" count="18" type="stmt"/>
      <line num="331" count="18" type="stmt"/>
      <line num="332" count="22" type="cond" truecount="2" falsecount="0"/>
      <line num="334" count="22" type="cond" truecount="2" falsecount="0"/>
      <line num="335" count="5" type="stmt"/>
      <line num="338" count="17" type="stmt"/>
      <line num="347" count="1" type="stmt"/>
      <line num="348" count="8" type="stmt"/>
      <line num="356" count="1" type="stmt"/>
      <line num="357" count="10" type="stmt"/>
      <line num="360" count="1" type="stmt"/>
      <line num="361" count="159" type="cond" truecount="2" falsecount="0"/>
      <line num="362" count="159" type="cond" truecount="2" falsecount="0"/>
      <line num="364" count="159" type="cond" truecount="2" falsecount="0"/>
      <line num="367" count="159" type="cond" truecount="2" falsecount="0"/>
      <line num="372" count="16" type="stmt"/>
      <line num="375" count="143" type="cond" truecount="3" falsecount="0"/>
      <line num="376" count="143" type="stmt"/>
      <line num="377" count="143" type="stmt"/>
      <line num="379" count="143" type="stmt"/>
      <line num="392" count="1" type="stmt"/>
      <line num="393" count="150" type="stmt"/>
      <line num="395" count="150" type="cond" truecount="2" falsecount="0"/>
      <line num="396" count="16" type="stmt"/>
      <line num="399" count="134" type="cond" truecount="2" falsecount="0"/>
      <line num="416" count="1" type="stmt"/>
      <line num="417" count="9" type="stmt"/>
      <line num="419" count="9" type="cond" truecount="2" falsecount="0"/>
      <line num="429" count="1" type="stmt"/>
      <line num="430" count="66" type="stmt"/>
      <line num="441" count="1" type="stmt"/>
      <line num="442" count="17" type="cond" truecount="2" falsecount="0"/>
      <line num="444" count="17" type="cond" truecount="3" falsecount="0"/>
      <line num="452" count="1" type="stmt"/>
      <line num="453" count="7" type="stmt"/>
      <line num="461" count="1" type="stmt"/>
      <line num="462" count="5" type="stmt"/>
      <line num="465" count="1" type="stmt"/>
    </file>
    <file name="index.js" path="C:\Users\BALASUBRAMANI\Downloads\github-action-demo-2\index.js">
      <metrics statements="3" coveredstatements="3" conditionals="0" coveredconditionals="0" methods="1" coveredmethods="1"/>
      <line num="1" count="1" type="stmt"/>
      <line num="3" count="1" type="stmt"/>
      <line num="4" count="43" type="stmt"/>
    </file>
  </project>
</coverage>
