{"C:\\Users\\BALASUBRAMANI\\Downloads\\github-action-demo-2\\Robots.js": {"path":"C:\\Users\\BALASUBRAMANI\\Downloads\\github-action-demo-2\\Robots.js","statementMap":{"0":{"start":{"line":12,"column":1},"end":{"line":14,"column":2}},"1":{"start":{"line":13,"column":2},"end":{"line":13,"column":14}},"2":{"start":{"line":16,"column":1},"end":{"line":18,"column":2}},"3":{"start":{"line":17,"column":2},"end":{"line":17,"column":28}},"4":{"start":{"line":20,"column":1},"end":{"line":20,"column":28}},"5":{"start":{"line":31,"column":25},"end":{"line":31,"column":42}},"6":{"start":{"line":32,"column":1},"end":{"line":34,"column":2}},"7":{"start":{"line":33,"column":2},"end":{"line":33,"column":43}},"8":{"start":{"line":36,"column":1},"end":{"line":36,"column":13}},"9":{"start":{"line":47,"column":11},"end":{"line":47,"column":36}},"10":{"start":{"line":49,"column":1},"end":{"line":51,"column":2}},"11":{"start":{"line":50,"column":2},"end":{"line":50,"column":14}},"12":{"start":{"line":53,"column":1},"end":{"line":53,"column":50}},"13":{"start":{"line":65,"column":26},"end":{"line":65,"column":49}},"14":{"start":{"line":68,"column":11},"end":{"line":68,"column":42}},"15":{"start":{"line":69,"column":1},"end":{"line":71,"column":2}},"16":{"start":{"line":70,"column":2},"end":{"line":70,"column":57}},"17":{"start":{"line":73,"column":1},"end":{"line":73,"column":34}},"18":{"start":{"line":85,"column":1},"end":{"line":89,"column":2}},"19":{"start":{"line":86,"column":2},"end":{"line":86,"column":64}},"20":{"start":{"line":88,"column":2},"end":{"line":88,"column":14}},"21":{"start":{"line":102,"column":1},"end":{"line":104,"column":4}},"22":{"start":{"line":103,"column":2},"end":{"line":103,"column":29}},"23":{"start":{"line":125,"column":23},"end":{"line":125,"column":49}},"24":{"start":{"line":126,"column":26},"end":{"line":126,"column":27}},"25":{"start":{"line":129,"column":1},"end":{"line":129,"column":24}},"26":{"start":{"line":131,"column":1},"end":{"line":171,"column":2}},"27":{"start":{"line":131,"column":14},"end":{"line":131,"column":15}},"28":{"start":{"line":134,"column":2},"end":{"line":136,"column":3}},"29":{"start":{"line":135,"column":3},"end":{"line":135,"column":66}},"30":{"start":{"line":139,"column":2},"end":{"line":170,"column":3}},"31":{"start":{"line":142,"column":3},"end":{"line":142,"column":61}},"32":{"start":{"line":148,"column":3},"end":{"line":150,"column":4}},"33":{"start":{"line":148,"column":16},"end":{"line":148,"column":17}},"34":{"start":{"line":149,"column":4},"end":{"line":149,"column":52}},"35":{"start":{"line":154,"column":20},"end":{"line":154,"column":21}},"36":{"start":{"line":155,"column":3},"end":{"line":162,"column":4}},"37":{"start":{"line":155,"column":16},"end":{"line":155,"column":17}},"38":{"start":{"line":156,"column":4},"end":{"line":161,"column":5}},"39":{"start":{"line":160,"column":5},"end":{"line":160,"column":60}},"40":{"start":{"line":165,"column":3},"end":{"line":167,"column":4}},"41":{"start":{"line":166,"column":4},"end":{"line":166,"column":17}},"42":{"start":{"line":169,"column":3},"end":{"line":169,"column":35}},"43":{"start":{"line":173,"column":1},"end":{"line":173,"column":13}},"44":{"start":{"line":177,"column":20},"end":{"line":177,"column":32}},"45":{"start":{"line":178,"column":13},"end":{"line":182,"column":16}},"46":{"start":{"line":184,"column":25},"end":{"line":184,"column":27}},"47":{"start":{"line":185,"column":28},"end":{"line":185,"column":32}},"48":{"start":{"line":186,"column":1},"end":{"line":225,"column":2}},"49":{"start":{"line":186,"column":14},"end":{"line":186,"column":15}},"50":{"start":{"line":187,"column":13},"end":{"line":187,"column":21}},"51":{"start":{"line":189,"column":2},"end":{"line":191,"column":3}},"52":{"start":{"line":190,"column":3},"end":{"line":190,"column":12}},"53":{"start":{"line":193,"column":2},"end":{"line":222,"column":3}},"54":{"start":{"line":195,"column":4},"end":{"line":197,"column":5}},"55":{"start":{"line":196,"column":5},"end":{"line":196,"column":34}},"56":{"start":{"line":199,"column":4},"end":{"line":201,"column":5}},"57":{"start":{"line":200,"column":5},"end":{"line":200,"column":54}},"58":{"start":{"line":202,"column":4},"end":{"line":202,"column":10}},"59":{"start":{"line":204,"column":4},"end":{"line":204,"column":61}},"60":{"start":{"line":205,"column":4},"end":{"line":205,"column":10}},"61":{"start":{"line":207,"column":4},"end":{"line":207,"column":60}},"62":{"start":{"line":208,"column":4},"end":{"line":208,"column":10}},"63":{"start":{"line":210,"column":4},"end":{"line":210,"column":53}},"64":{"start":{"line":211,"column":4},"end":{"line":211,"column":10}},"65":{"start":{"line":213,"column":4},"end":{"line":215,"column":5}},"66":{"start":{"line":214,"column":5},"end":{"line":214,"column":32}},"67":{"start":{"line":216,"column":4},"end":{"line":216,"column":10}},"68":{"start":{"line":218,"column":4},"end":{"line":220,"column":5}},"69":{"start":{"line":219,"column":5},"end":{"line":219,"column":52}},"70":{"start":{"line":221,"column":4},"end":{"line":221,"column":10}},"71":{"start":{"line":224,"column":2},"end":{"line":224,"column":64}},"72":{"start":{"line":237,"column":19},"end":{"line":237,"column":23}},"73":{"start":{"line":239,"column":1},"end":{"line":257,"column":2}},"74":{"start":{"line":239,"column":14},"end":{"line":239,"column":15}},"75":{"start":{"line":240,"column":13},"end":{"line":240,"column":21}},"76":{"start":{"line":242,"column":2},"end":{"line":244,"column":3}},"77":{"start":{"line":243,"column":3},"end":{"line":243,"column":12}},"78":{"start":{"line":248,"column":2},"end":{"line":256,"column":3}},"79":{"start":{"line":249,"column":3},"end":{"line":249,"column":22}},"80":{"start":{"line":250,"column":9},"end":{"line":256,"column":3}},"81":{"start":{"line":255,"column":3},"end":{"line":255,"column":22}},"82":{"start":{"line":259,"column":1},"end":{"line":259,"column":20}},"83":{"start":{"line":272,"column":1},"end":{"line":280,"column":2}},"84":{"start":{"line":277,"column":2},"end":{"line":277,"column":63}},"85":{"start":{"line":279,"column":2},"end":{"line":279,"column":14}},"86":{"start":{"line":284,"column":1},"end":{"line":284,"column":33}},"87":{"start":{"line":285,"column":1},"end":{"line":285,"column":39}},"88":{"start":{"line":287,"column":1},"end":{"line":287,"column":35}},"89":{"start":{"line":288,"column":1},"end":{"line":288,"column":21}},"90":{"start":{"line":289,"column":1},"end":{"line":289,"column":28}},"91":{"start":{"line":291,"column":1},"end":{"line":291,"column":35}},"92":{"start":{"line":303,"column":0},"end":{"line":319,"column":2}},"93":{"start":{"line":304,"column":13},"end":{"line":304,"column":24}},"94":{"start":{"line":306,"column":1},"end":{"line":318,"column":4}},"95":{"start":{"line":307,"column":2},"end":{"line":307,"column":44}},"96":{"start":{"line":309,"column":2},"end":{"line":311,"column":3}},"97":{"start":{"line":310,"column":3},"end":{"line":310,"column":10}},"98":{"start":{"line":313,"column":2},"end":{"line":317,"column":5}},"99":{"start":{"line":327,"column":0},"end":{"line":340,"column":2}},"100":{"start":{"line":328,"column":13},"end":{"line":328,"column":24}},"101":{"start":{"line":329,"column":13},"end":{"line":329,"column":29}},"102":{"start":{"line":331,"column":1},"end":{"line":339,"column":4}},"103":{"start":{"line":332,"column":2},"end":{"line":332,"column":44}},"104":{"start":{"line":334,"column":2},"end":{"line":336,"column":3}},"105":{"start":{"line":335,"column":3},"end":{"line":335,"column":10}},"106":{"start":{"line":338,"column":2},"end":{"line":338,"column":38}},"107":{"start":{"line":347,"column":0},"end":{"line":349,"column":2}},"108":{"start":{"line":348,"column":1},"end":{"line":348,"column":26}},"109":{"start":{"line":356,"column":0},"end":{"line":358,"column":2}},"110":{"start":{"line":357,"column":1},"end":{"line":357,"column":27}},"111":{"start":{"line":360,"column":0},"end":{"line":380,"column":2}},"112":{"start":{"line":361,"column":17},"end":{"line":361,"column":36}},"113":{"start":{"line":362,"column":17},"end":{"line":362,"column":43}},"114":{"start":{"line":364,"column":1},"end":{"line":364,"column":39}},"115":{"start":{"line":367,"column":1},"end":{"line":373,"column":2}},"116":{"start":{"line":372,"column":2},"end":{"line":372,"column":9}},"117":{"start":{"line":375,"column":13},"end":{"line":375,"column":61}},"118":{"start":{"line":376,"column":12},"end":{"line":376,"column":67}},"119":{"start":{"line":377,"column":12},"end":{"line":377,"column":33}},"120":{"start":{"line":379,"column":1},"end":{"line":379,"column":13}},"121":{"start":{"line":392,"column":0},"end":{"line":400,"column":2}},"122":{"start":{"line":393,"column":12},"end":{"line":393,"column":34}},"123":{"start":{"line":395,"column":1},"end":{"line":397,"column":2}},"124":{"start":{"line":396,"column":2},"end":{"line":396,"column":9}},"125":{"start":{"line":399,"column":1},"end":{"line":399,"column":28}},"126":{"start":{"line":416,"column":0},"end":{"line":420,"column":2}},"127":{"start":{"line":417,"column":12},"end":{"line":417,"column":34}},"128":{"start":{"line":419,"column":1},"end":{"line":419,"column":36}},"129":{"start":{"line":429,"column":0},"end":{"line":431,"column":2}},"130":{"start":{"line":430,"column":1},"end":{"line":430,"column":33}},"131":{"start":{"line":441,"column":0},"end":{"line":445,"column":2}},"132":{"start":{"line":442,"column":17},"end":{"line":442,"column":43}},"133":{"start":{"line":444,"column":1},"end":{"line":444,"column":70}},"134":{"start":{"line":452,"column":0},"end":{"line":454,"column":2}},"135":{"start":{"line":453,"column":1},"end":{"line":453,"column":28}},"136":{"start":{"line":461,"column":0},"end":{"line":463,"column":2}},"137":{"start":{"line":462,"column":1},"end":{"line":462,"column":32}},"138":{"start":{"line":465,"column":0},"end":{"line":465,"column":24}}},"fnMap":{"0":{"name":"trimLine","decl":{"start":{"line":11,"column":9},"end":{"line":11,"column":17}},"loc":{"start":{"line":11,"column":24},"end":{"line":21,"column":1}},"line":11},"1":{"name":"removeComments","decl":{"start":{"line":30,"column":9},"end":{"line":30,"column":23}},"loc":{"start":{"line":30,"column":30},"end":{"line":37,"column":1}},"line":30},"2":{"name":"splitLine","decl":{"start":{"line":46,"column":9},"end":{"line":46,"column":18}},"loc":{"start":{"line":46,"column":25},"end":{"line":54,"column":1}},"line":46},"3":{"name":"formatUserAgent","decl":{"start":{"line":64,"column":9},"end":{"line":64,"column":24}},"loc":{"start":{"line":64,"column":36},"end":{"line":74,"column":1}},"line":64},"4":{"name":"normaliseEncoding","decl":{"start":{"line":84,"column":9},"end":{"line":84,"column":26}},"loc":{"start":{"line":84,"column":33},"end":{"line":90,"column":1}},"line":84},"5":{"name":"urlEncodeToUpper","decl":{"start":{"line":101,"column":9},"end":{"line":101,"column":25}},"loc":{"start":{"line":101,"column":32},"end":{"line":105,"column":1}},"line":101},"6":{"name":"(anonymous_6)","decl":{"start":{"line":102,"column":41},"end":{"line":102,"column":42}},"loc":{"start":{"line":102,"column":58},"end":{"line":104,"column":2}},"line":102},"7":{"name":"matches","decl":{"start":{"line":119,"column":9},"end":{"line":119,"column":16}},"loc":{"start":{"line":119,"column":32},"end":{"line":174,"column":1}},"line":119},"8":{"name":"parseRobots","decl":{"start":{"line":176,"column":9},"end":{"line":176,"column":20}},"loc":{"start":{"line":176,"column":39},"end":{"line":226,"column":1}},"line":176},"9":{"name":"findRule","decl":{"start":{"line":236,"column":9},"end":{"line":236,"column":17}},"loc":{"start":{"line":236,"column":31},"end":{"line":260,"column":1}},"line":236},"10":{"name":"parseUrl","decl":{"start":{"line":271,"column":9},"end":{"line":271,"column":17}},"loc":{"start":{"line":271,"column":23},"end":{"line":281,"column":1}},"line":271},"11":{"name":"Robots","decl":{"start":{"line":283,"column":9},"end":{"line":283,"column":15}},"loc":{"start":{"line":283,"column":31},"end":{"line":292,"column":1}},"line":283},"12":{"name":"(anonymous_12)","decl":{"start":{"line":303,"column":27},"end":{"line":303,"column":28}},"loc":{"start":{"line":303,"column":77},"end":{"line":319,"column":1}},"line":303},"13":{"name":"(anonymous_13)","decl":{"start":{"line":306,"column":20},"end":{"line":306,"column":21}},"loc":{"start":{"line":306,"column":41},"end":{"line":318,"column":2}},"line":306},"14":{"name":"(anonymous_14)","decl":{"start":{"line":327,"column":33},"end":{"line":327,"column":34}},"loc":{"start":{"line":327,"column":65},"end":{"line":340,"column":1}},"line":327},"15":{"name":"(anonymous_15)","decl":{"start":{"line":331,"column":20},"end":{"line":331,"column":21}},"loc":{"start":{"line":331,"column":41},"end":{"line":339,"column":2}},"line":331},"16":{"name":"(anonymous_16)","decl":{"start":{"line":347,"column":30},"end":{"line":347,"column":31}},"loc":{"start":{"line":347,"column":45},"end":{"line":349,"column":1}},"line":347},"17":{"name":"(anonymous_17)","decl":{"start":{"line":356,"column":36},"end":{"line":356,"column":37}},"loc":{"start":{"line":356,"column":51},"end":{"line":358,"column":1}},"line":356},"18":{"name":"(anonymous_18)","decl":{"start":{"line":360,"column":28},"end":{"line":360,"column":29}},"loc":{"start":{"line":360,"column":47},"end":{"line":380,"column":1}},"line":360},"19":{"name":"(anonymous_19)","decl":{"start":{"line":392,"column":29},"end":{"line":392,"column":30}},"loc":{"start":{"line":392,"column":48},"end":{"line":400,"column":1}},"line":392},"20":{"name":"(anonymous_20)","decl":{"start":{"line":416,"column":41},"end":{"line":416,"column":42}},"loc":{"start":{"line":416,"column":60},"end":{"line":420,"column":1}},"line":416},"21":{"name":"(anonymous_21)","decl":{"start":{"line":429,"column":32},"end":{"line":429,"column":33}},"loc":{"start":{"line":429,"column":51},"end":{"line":431,"column":1}},"line":429},"22":{"name":"(anonymous_22)","decl":{"start":{"line":441,"column":33},"end":{"line":441,"column":34}},"loc":{"start":{"line":441,"column":47},"end":{"line":445,"column":1}},"line":441},"23":{"name":"(anonymous_23)","decl":{"start":{"line":452,"column":36},"end":{"line":452,"column":37}},"loc":{"start":{"line":452,"column":48},"end":{"line":454,"column":1}},"line":452},"24":{"name":"(anonymous_24)","decl":{"start":{"line":461,"column":31},"end":{"line":461,"column":32}},"loc":{"start":{"line":461,"column":43},"end":{"line":463,"column":1}},"line":461}},"branchMap":{"0":{"loc":{"start":{"line":12,"column":1},"end":{"line":14,"column":2}},"type":"if","locations":[{"start":{"line":12,"column":1},"end":{"line":14,"column":2}},{"start":{},"end":{}}],"line":12},"1":{"loc":{"start":{"line":16,"column":1},"end":{"line":18,"column":2}},"type":"if","locations":[{"start":{"line":16,"column":1},"end":{"line":18,"column":2}},{"start":{},"end":{}}],"line":16},"2":{"loc":{"start":{"line":32,"column":1},"end":{"line":34,"column":2}},"type":"if","locations":[{"start":{"line":32,"column":1},"end":{"line":34,"column":2}},{"start":{},"end":{}}],"line":32},"3":{"loc":{"start":{"line":49,"column":1},"end":{"line":51,"column":2}},"type":"if","locations":[{"start":{"line":49,"column":1},"end":{"line":51,"column":2}},{"start":{},"end":{}}],"line":49},"4":{"loc":{"start":{"line":49,"column":5},"end":{"line":49,"column":21}},"type":"binary-expr","locations":[{"start":{"line":49,"column":5},"end":{"line":49,"column":10}},{"start":{"line":49,"column":14},"end":{"line":49,"column":21}}],"line":49},"5":{"loc":{"start":{"line":69,"column":1},"end":{"line":71,"column":2}},"type":"if","locations":[{"start":{"line":69,"column":1},"end":{"line":71,"column":2}},{"start":{},"end":{}}],"line":69},"6":{"loc":{"start":{"line":134,"column":2},"end":{"line":136,"column":3}},"type":"if","locations":[{"start":{"line":134,"column":2},"end":{"line":136,"column":3}},{"start":{},"end":{}}],"line":134},"7":{"loc":{"start":{"line":134,"column":6},"end":{"line":134,"column":52}},"type":"binary-expr","locations":[{"start":{"line":134,"column":6},"end":{"line":134,"column":24}},{"start":{"line":134,"column":28},"end":{"line":134,"column":52}}],"line":134},"8":{"loc":{"start":{"line":139,"column":2},"end":{"line":170,"column":3}},"type":"if","locations":[{"start":{"line":139,"column":2},"end":{"line":170,"column":3}},{"start":{"line":151,"column":9},"end":{"line":170,"column":3}}],"line":139},"9":{"loc":{"start":{"line":156,"column":4},"end":{"line":161,"column":5}},"type":"if","locations":[{"start":{"line":156,"column":4},"end":{"line":161,"column":5}},{"start":{},"end":{}}],"line":156},"10":{"loc":{"start":{"line":157,"column":5},"end":{"line":158,"column":44}},"type":"binary-expr","locations":[{"start":{"line":157,"column":5},"end":{"line":157,"column":37}},{"start":{"line":158,"column":5},"end":{"line":158,"column":44}}],"line":157},"11":{"loc":{"start":{"line":165,"column":3},"end":{"line":167,"column":4}},"type":"if","locations":[{"start":{"line":165,"column":3},"end":{"line":167,"column":4}},{"start":{},"end":{}}],"line":165},"12":{"loc":{"start":{"line":189,"column":2},"end":{"line":191,"column":3}},"type":"if","locations":[{"start":{"line":189,"column":2},"end":{"line":191,"column":3}},{"start":{},"end":{}}],"line":189},"13":{"loc":{"start":{"line":189,"column":6},"end":{"line":189,"column":23}},"type":"binary-expr","locations":[{"start":{"line":189,"column":6},"end":{"line":189,"column":11}},{"start":{"line":189,"column":15},"end":{"line":189,"column":23}}],"line":189},"14":{"loc":{"start":{"line":193,"column":2},"end":{"line":222,"column":3}},"type":"switch","locations":[{"start":{"line":194,"column":3},"end":{"line":202,"column":10}},{"start":{"line":203,"column":3},"end":{"line":205,"column":10}},{"start":{"line":206,"column":3},"end":{"line":208,"column":10}},{"start":{"line":209,"column":3},"end":{"line":211,"column":10}},{"start":{"line":212,"column":3},"end":{"line":216,"column":10}},{"start":{"line":217,"column":3},"end":{"line":221,"column":10}}],"line":193},"15":{"loc":{"start":{"line":195,"column":4},"end":{"line":197,"column":5}},"type":"if","locations":[{"start":{"line":195,"column":4},"end":{"line":197,"column":5}},{"start":{},"end":{}}],"line":195},"16":{"loc":{"start":{"line":199,"column":4},"end":{"line":201,"column":5}},"type":"if","locations":[{"start":{"line":199,"column":4},"end":{"line":201,"column":5}},{"start":{},"end":{}}],"line":199},"17":{"loc":{"start":{"line":213,"column":4},"end":{"line":215,"column":5}},"type":"if","locations":[{"start":{"line":213,"column":4},"end":{"line":215,"column":5}},{"start":{},"end":{}}],"line":213},"18":{"loc":{"start":{"line":218,"column":4},"end":{"line":220,"column":5}},"type":"if","locations":[{"start":{"line":218,"column":4},"end":{"line":220,"column":5}},{"start":{},"end":{}}],"line":218},"19":{"loc":{"start":{"line":242,"column":2},"end":{"line":244,"column":3}},"type":"if","locations":[{"start":{"line":242,"column":2},"end":{"line":244,"column":3}},{"start":{},"end":{}}],"line":242},"20":{"loc":{"start":{"line":248,"column":2},"end":{"line":256,"column":3}},"type":"if","locations":[{"start":{"line":248,"column":2},"end":{"line":256,"column":3}},{"start":{"line":250,"column":9},"end":{"line":256,"column":3}}],"line":248},"21":{"loc":{"start":{"line":248,"column":6},"end":{"line":248,"column":70}},"type":"binary-expr","locations":[{"start":{"line":248,"column":6},"end":{"line":248,"column":18}},{"start":{"line":248,"column":22},"end":{"line":248,"column":70}}],"line":248},"22":{"loc":{"start":{"line":250,"column":9},"end":{"line":256,"column":3}},"type":"if","locations":[{"start":{"line":250,"column":9},"end":{"line":256,"column":3}},{"start":{},"end":{}}],"line":250},"23":{"loc":{"start":{"line":251,"column":3},"end":{"line":253,"column":21}},"type":"binary-expr","locations":[{"start":{"line":251,"column":3},"end":{"line":251,"column":52}},{"start":{"line":252,"column":3},"end":{"line":252,"column":13}},{"start":{"line":253,"column":3},"end":{"line":253,"column":21}}],"line":251},"24":{"loc":{"start":{"line":284,"column":13},"end":{"line":284,"column":32}},"type":"binary-expr","locations":[{"start":{"line":284,"column":13},"end":{"line":284,"column":26}},{"start":{"line":284,"column":30},"end":{"line":284,"column":32}}],"line":284},"25":{"loc":{"start":{"line":285,"column":18},"end":{"line":285,"column":38}},"type":"binary-expr","locations":[{"start":{"line":285,"column":18},"end":{"line":285,"column":32}},{"start":{"line":285,"column":36},"end":{"line":285,"column":38}}],"line":285},"26":{"loc":{"start":{"line":291,"column":13},"end":{"line":291,"column":27}},"type":"binary-expr","locations":[{"start":{"line":291,"column":13},"end":{"line":291,"column":21}},{"start":{"line":291,"column":25},"end":{"line":291,"column":27}}],"line":291},"27":{"loc":{"start":{"line":307,"column":21},"end":{"line":307,"column":43}},"type":"binary-expr","locations":[{"start":{"line":307,"column":21},"end":{"line":307,"column":37}},{"start":{"line":307,"column":41},"end":{"line":307,"column":43}}],"line":307},"28":{"loc":{"start":{"line":309,"column":2},"end":{"line":311,"column":3}},"type":"if","locations":[{"start":{"line":309,"column":2},"end":{"line":311,"column":3}},{"start":{},"end":{}}],"line":309},"29":{"loc":{"start":{"line":332,"column":21},"end":{"line":332,"column":43}},"type":"binary-expr","locations":[{"start":{"line":332,"column":21},"end":{"line":332,"column":37}},{"start":{"line":332,"column":41},"end":{"line":332,"column":43}}],"line":332},"30":{"loc":{"start":{"line":334,"column":2},"end":{"line":336,"column":3}},"type":"if","locations":[{"start":{"line":334,"column":2},"end":{"line":336,"column":3}},{"start":{},"end":{}}],"line":334},"31":{"loc":{"start":{"line":361,"column":17},"end":{"line":361,"column":36}},"type":"binary-expr","locations":[{"start":{"line":361,"column":17},"end":{"line":361,"column":30}},{"start":{"line":361,"column":34},"end":{"line":361,"column":36}}],"line":361},"32":{"loc":{"start":{"line":362,"column":33},"end":{"line":362,"column":42}},"type":"binary-expr","locations":[{"start":{"line":362,"column":33},"end":{"line":362,"column":35}},{"start":{"line":362,"column":39},"end":{"line":362,"column":42}}],"line":362},"33":{"loc":{"start":{"line":364,"column":18},"end":{"line":364,"column":38}},"type":"binary-expr","locations":[{"start":{"line":364,"column":18},"end":{"line":364,"column":32}},{"start":{"line":364,"column":36},"end":{"line":364,"column":38}}],"line":364},"34":{"loc":{"start":{"line":367,"column":1},"end":{"line":373,"column":2}},"type":"if","locations":[{"start":{"line":367,"column":1},"end":{"line":373,"column":2}},{"start":{},"end":{}}],"line":367},"35":{"loc":{"start":{"line":368,"column":2},"end":{"line":370,"column":35}},"type":"binary-expr","locations":[{"start":{"line":368,"column":2},"end":{"line":368,"column":43}},{"start":{"line":369,"column":2},"end":{"line":369,"column":43}},{"start":{"line":370,"column":2},"end":{"line":370,"column":35}}],"line":368},"36":{"loc":{"start":{"line":375,"column":13},"end":{"line":375,"column":61}},"type":"binary-expr","locations":[{"start":{"line":375,"column":13},"end":{"line":375,"column":35}},{"start":{"line":375,"column":39},"end":{"line":375,"column":55}},{"start":{"line":375,"column":59},"end":{"line":375,"column":61}}],"line":375},"37":{"loc":{"start":{"line":395,"column":1},"end":{"line":397,"column":2}},"type":"if","locations":[{"start":{"line":395,"column":1},"end":{"line":397,"column":2}},{"start":{},"end":{}}],"line":395},"38":{"loc":{"start":{"line":399,"column":8},"end":{"line":399,"column":27}},"type":"binary-expr","locations":[{"start":{"line":399,"column":8},"end":{"line":399,"column":13}},{"start":{"line":399,"column":17},"end":{"line":399,"column":27}}],"line":399},"39":{"loc":{"start":{"line":419,"column":8},"end":{"line":419,"column":35}},"type":"cond-expr","locations":[{"start":{"line":419,"column":15},"end":{"line":419,"column":30}},{"start":{"line":419,"column":33},"end":{"line":419,"column":35}}],"line":419},"40":{"loc":{"start":{"line":442,"column":33},"end":{"line":442,"column":42}},"type":"binary-expr","locations":[{"start":{"line":442,"column":33},"end":{"line":442,"column":35}},{"start":{"line":442,"column":39},"end":{"line":442,"column":42}}],"line":442},"41":{"loc":{"start":{"line":444,"column":9},"end":{"line":444,"column":57}},"type":"binary-expr","locations":[{"start":{"line":444,"column":9},"end":{"line":444,"column":31}},{"start":{"line":444,"column":35},"end":{"line":444,"column":51}},{"start":{"line":444,"column":55},"end":{"line":444,"column":57}}],"line":444}},"s":{"0":582,"1":24,"2":558,"3":189,"4":369,"5":204,"6":204,"7":6,"8":198,"9":204,"10":204,"11":15,"12":189,"13":236,"14":236,"15":236,"16":4,"17":236,"18":81,"19":81,"20":2,"21":222,"22":100,"23":504,"24":504,"25":504,"26":504,"27":504,"28":6263,"29":11,"30":6252,"31":4129,"32":4129,"33":4129,"34":12638543,"35":2123,"36":2123,"37":2123,"38":8612,"39":1736,"40":2123,"41":401,"42":1722,"43":92,"44":43,"45":43,"46":43,"47":43,"48":43,"49":43,"50":204,"51":204,"52":16,"53":188,"54":62,"55":56,"56":62,"57":60,"58":62,"59":70,"60":70,"61":17,"62":17,"63":18,"64":18,"65":9,"66":8,"67":9,"68":11,"69":10,"70":11,"71":188,"72":143,"73":143,"74":143,"75":504,"76":504,"77":406,"78":98,"79":93,"80":5,"81":4,"82":143,"83":202,"84":202,"85":2,"86":43,"87":43,"88":43,"89":43,"90":43,"91":43,"92":1,"93":87,"94":87,"95":84,"96":84,"97":3,"98":81,"99":1,"100":18,"101":18,"102":18,"103":22,"104":22,"105":5,"106":17,"107":1,"108":8,"109":1,"110":10,"111":1,"112":159,"113":159,"114":159,"115":159,"116":16,"117":143,"118":143,"119":143,"120":143,"121":1,"122":150,"123":150,"124":16,"125":134,"126":1,"127":9,"128":9,"129":1,"130":66,"131":1,"132":17,"133":17,"134":1,"135":7,"136":1,"137":5,"138":1},"f":{"0":582,"1":204,"2":204,"3":236,"4":81,"5":222,"6":100,"7":504,"8":43,"9":143,"10":202,"11":43,"12":87,"13":84,"14":18,"15":22,"16":8,"17":10,"18":159,"19":150,"20":9,"21":66,"22":17,"23":7,"24":5},"b":{"0":[24,558],"1":[189,369],"2":[6,198],"3":[15,189],"4":[204,190],"5":[4,232],"6":[11,6252],"7":[6263,11],"8":[4129,2123],"9":[1736,6876],"10":[8612,8565],"11":[401,1722],"12":[16,188],"13":[204,189],"14":[62,70,17,18,9,11],"15":[56,6],"16":[60,2],"17":[8,1],"18":[10,1],"19":[406,98],"20":[93,5],"21":[98,12],"22":[4,1],"23":[5,5,4],"24":[43,1],"25":[43,43],"26":[43,2],"27":[84,39],"28":[3,81],"29":[22,21],"30":[5,17],"31":[159,1],"32":[159,152],"33":[159,159],"34":[16,143],"35":[159,156,143],"36":[143,15,13],"37":[16,134],"38":[134,79],"39":[7,2],"40":[17,1],"41":[17,5,1]},"_coverageSchema":"1a1c01bbd47fc00a2c39e90264f33305004495a9","hash":"5b1be48a4b685a4efac22a5cf5c6124fa3f44175"}
,"C:\\Users\\BALASUBRAMANI\\Downloads\\github-action-demo-2\\index.js": {"path":"C:\\Users\\BALASUBRAMANI\\Downloads\\github-action-demo-2\\index.js","statementMap":{"0":{"start":{"line":1,"column":13},"end":{"line":1,"column":32}},"1":{"start":{"line":3,"column":0},"end":{"line":5,"column":2}},"2":{"start":{"line":4,"column":1},"end":{"line":4,"column":34}}},"fnMap":{"0":{"name":"(anonymous_0)","decl":{"start":{"line":3,"column":17},"end":{"line":3,"column":18}},"loc":{"start":{"line":3,"column":42},"end":{"line":5,"column":1}},"line":3}},"branchMap":{},"s":{"0":1,"1":1,"2":43},"f":{"0":43},"b":{},"_coverageSchema":"1a1c01bbd47fc00a2c39e90264f33305004495a9","hash":"ddbc6d43c5ba6d7ffbd77c575d5aa7d36866c05f"}
}
