TN:
SF:Robots.js
FN:11,trimLine
FN:30,removeComments
FN:46,splitLine
FN:64,formatUserAgent
FN:84,normaliseEncoding
FN:101,urlEncodeToUpper
FN:102,(anonymous_6)
FN:119,matches
FN:176,parseRobots
FN:236,findRule
FN:271,parseUrl
FN:283,Robots
FN:303,(anonymous_12)
FN:306,(anonymous_13)
FN:327,(anonymous_14)
FN:331,(anonymous_15)
FN:347,(anonymous_16)
FN:356,(anonymous_17)
FN:360,(anonymous_18)
FN:392,(anonymous_19)
FN:416,(anonymous_20)
FN:429,(anonymous_21)
FN:441,(anonymous_22)
FN:452,(anonymous_23)
FN:461,(anonymous_24)
FNF:25
FNH:25
FNDA:582,trimLine
FNDA:204,removeComments
FNDA:204,splitLine
FNDA:236,formatUserAgent
FNDA:81,normaliseEncoding
FNDA:222,urlEncodeToUpper
FNDA:100,(anonymous_6)
FNDA:504,matches
FNDA:43,parseRobots
FNDA:143,findRule
FNDA:202,parseUrl
FNDA:43,Robots
FNDA:87,(anonymous_12)
FNDA:84,(anonymous_13)
FNDA:18,(anonymous_14)
FNDA:22,(anonymous_15)
FNDA:8,(anonymous_16)
FNDA:10,(anonymous_17)
FNDA:159,(anonymous_18)
FNDA:150,(anonymous_19)
FNDA:9,(anonymous_20)
FNDA:66,(anonymous_21)
FNDA:17,(anonymous_22)
FNDA:7,(anonymous_23)
FNDA:5,(anonymous_24)
DA:12,582
DA:13,24
DA:16,558
DA:17,189
DA:20,369
DA:31,204
DA:32,204
DA:33,6
DA:36,198
DA:47,204
DA:49,204
DA:50,15
DA:53,189
DA:65,236
DA:68,236
DA:69,236
DA:70,4
DA:73,236
DA:85,81
DA:86,81
DA:88,2
DA:102,222
DA:103,100
DA:125,504
DA:126,504
DA:129,504
DA:131,504
DA:134,6263
DA:135,11
DA:139,6252
DA:142,4129
DA:148,4129
DA:149,12638543
DA:154,2123
DA:155,2123
DA:156,8612
DA:160,1736
DA:165,2123
DA:166,401
DA:169,1722
DA:173,92
DA:177,43
DA:178,43
DA:184,43
DA:185,43
DA:186,43
DA:187,204
DA:189,204
DA:190,16
DA:193,188
DA:195,62
DA:196,56
DA:199,62
DA:200,60
DA:202,62
DA:204,70
DA:205,70
DA:207,17
DA:208,17
DA:210,18
DA:211,18
DA:213,9
DA:214,8
DA:216,9
DA:218,11
DA:219,10
DA:221,11
DA:224,188
DA:237,143
DA:239,143
DA:240,504
DA:242,504
DA:243,406
DA:248,98
DA:249,93
DA:250,5
DA:255,4
DA:259,143
DA:272,202
DA:277,202
DA:279,2
DA:284,43
DA:285,43
DA:287,43
DA:288,43
DA:289,43
DA:291,43
DA:303,1
DA:304,87
DA:306,87
DA:307,84
DA:309,84
DA:310,3
DA:313,81
DA:327,1
DA:328,18
DA:329,18
DA:331,18
DA:332,22
DA:334,22
DA:335,5
DA:338,17
DA:347,1
DA:348,8
DA:356,1
DA:357,10
DA:360,1
DA:361,159
DA:362,159
DA:364,159
DA:367,159
DA:372,16
DA:375,143
DA:376,143
DA:377,143
DA:379,143
DA:392,1
DA:393,150
DA:395,150
DA:396,16
DA:399,134
DA:416,1
DA:417,9
DA:419,9
DA:429,1
DA:430,66
DA:441,1
DA:442,17
DA:444,17
DA:452,1
DA:453,7
DA:461,1
DA:462,5
DA:465,1
LF:134
LH:134
BRDA:12,0,0,24
BRDA:12,0,1,558
BRDA:16,1,0,189
BRDA:16,1,1,369
BRDA:32,2,0,6
BRDA:32,2,1,198
BRDA:49,3,0,15
BRDA:49,3,1,189
BRDA:49,4,0,204
BRDA:49,4,1,190
BRDA:69,5,0,4
BRDA:69,5,1,232
BRDA:134,6,0,11
BRDA:134,6,1,6252
BRDA:134,7,0,6263
BRDA:134,7,1,11
BRDA:139,8,0,4129
BRDA:139,8,1,2123
BRDA:156,9,0,1736
BRDA:156,9,1,6876
BRDA:157,10,0,8612
BRDA:157,10,1,8565
BRDA:165,11,0,401
BRDA:165,11,1,1722
BRDA:189,12,0,16
BRDA:189,12,1,188
BRDA:189,13,0,204
BRDA:189,13,1,189
BRDA:193,14,0,62
BRDA:193,14,1,70
BRDA:193,14,2,17
BRDA:193,14,3,18
BRDA:193,14,4,9
BRDA:193,14,5,11
BRDA:195,15,0,56
BRDA:195,15,1,6
BRDA:199,16,0,60
BRDA:199,16,1,2
BRDA:213,17,0,8
BRDA:213,17,1,1
BRDA:218,18,0,10
BRDA:218,18,1,1
BRDA:242,19,0,406
BRDA:242,19,1,98
BRDA:248,20,0,93
BRDA:248,20,1,5
BRDA:248,21,0,98
BRDA:248,21,1,12
BRDA:250,22,0,4
BRDA:250,22,1,1
BRDA:251,23,0,5
BRDA:251,23,1,5
BRDA:251,23,2,4
BRDA:284,24,0,43
BRDA:284,24,1,1
BRDA:285,25,0,43
BRDA:285,25,1,43
BRDA:291,26,0,43
BRDA:291,26,1,2
BRDA:307,27,0,84
BRDA:307,27,1,39
BRDA:309,28,0,3
BRDA:309,28,1,81
BRDA:332,29,0,22
BRDA:332,29,1,21
BRDA:334,30,0,5
BRDA:334,30,1,17
BRDA:361,31,0,159
BRDA:361,31,1,1
BRDA:362,32,0,159
BRDA:362,32,1,152
BRDA:364,33,0,159
BRDA:364,33,1,159
BRDA:367,34,0,16
BRDA:367,34,1,143
BRDA:368,35,0,159
BRDA:368,35,1,156
BRDA:368,35,2,143
BRDA:375,36,0,143
BRDA:375,36,1,15
BRDA:375,36,2,13
BRDA:395,37,0,16
BRDA:395,37,1,134
BRDA:399,38,0,134
BRDA:399,38,1,79
BRDA:419,39,0,7
BRDA:419,39,1,2
BRDA:442,40,0,17
BRDA:442,40,1,1
BRDA:444,41,0,17
BRDA:444,41,1,5
BRDA:444,41,2,1
BRF:92
BRH:92
end_of_record
TN:
SF:index.js
FN:3,(anonymous_0)
FNF:1
FNH:1
FNDA:43,(anonymous_0)
DA:1,1
DA:3,1
DA:4,43
LF:3
LH:3
BRF:0
BRH:0
end_of_record
